[2025-11-01 02:00:00.044 +01:00] [INF] [36] Emby.Server.Implementations.ScheduledTasks.TaskManager: "Extract Chapter Images" Completed after 0 minute(s) and 0 seconds
[2025-11-01 02:00:01.000 +01:00] [INF] [34] Emby.Server.Implementations.ScheduledTasks.TaskManager: Daily trigger for "Extract Chapter Images" set to fire at 2025-11-02 02:00:00.000 +01:00, which is 23:59:58.9991454 from now.
[2025-11-01 03:00:00.015 +01:00] [INF] [40] Emby.Server.Implementations.ScheduledTasks.TaskManager: "Generate Trickplay Images" Completed after 0 minute(s) and 0 seconds
[2025-11-01 03:00:01.000 +01:00] [INF] [40] Emby.Server.Implementations.ScheduledTasks.TaskManager: Daily trigger for "Generate Trickplay Images" set to fire at 2025-11-02 03:00:00.000 +01:00, which is 23:59:58.9990794 from now.
[2025-11-01 03:25:53.819 +01:00] [INF] [67] Emby.Server.Implementations.Session.SessionManager: Sending shutdown notifications
[2025-11-01 03:25:53.830 +01:00] [INF] [69] Main: Running query planner optimizations in the database... This might take a while
[2025-11-01 03:25:54.067 +01:00] [INF] [69] Emby.Server.Implementations.ApplicationHost: Disposing "CoreAppHost"
[2025-11-01 03:25:54.067 +01:00] [INF] [69] Emby.Server.Implementations.ApplicationHost: Disposing "MusicBrainzArtistProvider"
[2025-11-01 03:25:54.067 +01:00] [INF] [69] Emby.Server.Implementations.ApplicationHost: Disposing "MusicBrainzAlbumProvider"
[2025-11-01 03:25:54.067 +01:00] [INF] [69] Emby.Server.Implementations.ApplicationHost: Disposing "PluginManager"
[2025-11-01 12:18:41.641 +01:00] [INF] [1] Emby.Server.Implementations.AppBase.BaseConfigurationManager: Setting cache path: "/config/cache"
[2025-11-01 12:18:41.789 +01:00] [INF] [7] Jellyfin.Server.ServerSetupApp.SetupServer: Kestrel is listening on "0.0.0.0"
[2025-11-01 12:18:41.805 +01:00] [INF] [7] Main: Jellyfin version: "10.11.1"
[2025-11-01 12:18:41.807 +01:00] [INF] [7] Main: Environment Variables: ["[JELLYFIN_WEB_DIR, /usr/share/jellyfin/web]", "[JELLYFIN_DATA_DIR, /config/data]", "[JELLYFIN_CONFIG_DIR, /config]", "[JELLYFIN_LOG_DIR, /config/log]", "[JELLYFIN_PublishedServerUrl, https://stream.neverlab.dev]", "[JELLYFIN_CACHE_DIR, /config/cache]"]
[2025-11-01 12:18:41.808 +01:00] [INF] [7] Main: Arguments: ["/usr/lib/jellyfin/bin/jellyfin.dll", "--ffmpeg=/usr/lib/jellyfin-ffmpeg/ffmpeg"]
[2025-11-01 12:18:41.809 +01:00] [INF] [7] Main: Operating system: "Ubuntu 24.04.3 LTS"
[2025-11-01 12:18:41.809 +01:00] [INF] [7] Main: Architecture: X64
[2025-11-01 12:18:41.809 +01:00] [INF] [7] Main: 64-Bit Process: True
[2025-11-01 12:18:41.809 +01:00] [INF] [7] Main: User Interactive: True
[2025-11-01 12:18:41.809 +01:00] [INF] [7] Main: Processor count: 12
[2025-11-01 12:18:41.809 +01:00] [INF] [7] Main: Program data path: "/config/data"
[2025-11-01 12:18:41.809 +01:00] [INF] [7] Main: Log directory path: "/config/log"
[2025-11-01 12:18:41.809 +01:00] [INF] [7] Main: Config directory path: "/config"
[2025-11-01 12:18:41.809 +01:00] [INF] [7] Main: Cache path: "/config/cache"
[2025-11-01 12:18:41.809 +01:00] [INF] [7] Main: Temp directory path: "/tmp/jellyfin"
[2025-11-01 12:18:41.809 +01:00] [INF] [7] Main: Web resources path: "/usr/share/jellyfin/web"
[2025-11-01 12:18:41.809 +01:00] [INF] [7] Main: Application directory: "/usr/lib/jellyfin/bin/"
[2025-11-01 12:18:41.819 +01:00] [INF] [7] Jellyfin.Server.Startup: Storage path `"/config/data/data"` (Fixed) successfully checked with "912.8GiB" free which is over the minimum of "2GiB".
[2025-11-01 12:18:41.819 +01:00] [INF] [7] Jellyfin.Server.Startup: Storage path `"/config/log"` (Fixed) successfully checked with "912.8GiB" free which is over the minimum of "512MiB".
[2025-11-01 12:18:41.819 +01:00] [INF] [7] Jellyfin.Server.Startup: Storage path `"/config/cache"` (Fixed) successfully checked with "912.8GiB" free which is over the minimum of "2GiB".
[2025-11-01 12:18:41.819 +01:00] [INF] [7] Jellyfin.Server.Startup: Storage path `"/config/data"` (Fixed) successfully checked with "912.8GiB" free which is over the minimum of "2GiB".
[2025-11-01 12:18:41.820 +01:00] [INF] [7] Jellyfin.Server.Startup: Storage path `"/tmp/jellyfin"` (Fixed) successfully checked with "178.8GiB" free which is over the minimum of "512MiB".
[2025-11-01 12:18:41.821 +01:00] [INF] [7] Emby.Server.Implementations.AppBase.BaseConfigurationManager: Setting cache path: "/config/cache"
[2025-11-01 12:18:41.861 +01:00] [INF] [7] Jellyfin.Database.Providers.Sqlite.SqliteDatabaseProvider: SQLite connection string: "Data Source=/config/data/data/jellyfin.db;Cache=Default;Pooling=True"
[2025-11-01 12:18:41.865 +01:00] [INF] [7] Jellyfin.Database.Providers.Sqlite.SqliteDatabaseProvider: SQLITE connection pragma command set to: 
"PRAGMA locking_mode=NORMAL;
PRAGMA journal_size_limit=134217728;
PRAGMA synchronous=1;
PRAGMA temp_store=2;
"
[2025-11-01 12:18:41.865 +01:00] [INF] [7] Jellyfin.Database.Implementations.Locking.NoLockBehavior: The database locking mode has been set to: NoLock.
[2025-11-01 12:18:41.885 +01:00] [INF] [7] Jellyfin.Server.Migrations.JellyfinMigrationService: Initialise Migration service.
[2025-11-01 12:18:42.458 +01:00] [WRN] [12] Microsoft.Extensions.Diagnostics.HealthChecks.DefaultHealthCheckService: Health check "StartupCheck" with status Degraded completed after 0.7655ms with message '"Server is still starting up."'
[2025-11-01 12:18:42.525 +01:00] [INF] [7] Jellyfin.Server.Migrations.JellyfinMigrationService: There are 0 migrations for stage PreInitialisation.
[2025-11-01 12:18:42.532 +01:00] [INF] [7] Emby.Server.Implementations.AppBase.BaseConfigurationManager: Setting cache path: "/config/cache"
[2025-11-01 12:18:42.541 +01:00] [INF] [7] Emby.Server.Implementations.ApplicationHost: Loading assemblies
[2025-11-01 12:18:42.565 +01:00] [INF] [7] Jellyfin.Networking.Manager.NetworkManager: Defined LAN subnets: ["127.0.0.1/8", "10.0.0.0/8", "172.16.0.0/12", "192.168.0.0/16"]
[2025-11-01 12:18:42.565 +01:00] [INF] [7] Jellyfin.Networking.Manager.NetworkManager: Defined LAN exclusions: []
[2025-11-01 12:18:42.565 +01:00] [INF] [7] Jellyfin.Networking.Manager.NetworkManager: Used LAN subnets: ["127.0.0.1/8", "10.0.0.0/8", "172.16.0.0/12", "192.168.0.0/16"]
[2025-11-01 12:18:42.566 +01:00] [INF] [7] Jellyfin.Networking.Manager.NetworkManager: Filtered interface addresses: ["127.0.0.1", "172.20.0.2"]
[2025-11-01 12:18:42.566 +01:00] [INF] [7] Jellyfin.Networking.Manager.NetworkManager: Bind Addresses ["0.0.0.0"]
[2025-11-01 12:18:42.566 +01:00] [INF] [7] Jellyfin.Networking.Manager.NetworkManager: Remote IP filter is "Allowlist"
[2025-11-01 12:18:42.566 +01:00] [INF] [7] Jellyfin.Networking.Manager.NetworkManager: Filtered subnets: []
[2025-11-01 12:18:42.645 +01:00] [INF] [7] Jellyfin.Database.Providers.Sqlite.SqliteDatabaseProvider: SQLite connection string: "Data Source=/config/data/data/jellyfin.db;Cache=Default;Pooling=True"
[2025-11-01 12:18:42.645 +01:00] [INF] [7] Jellyfin.Database.Providers.Sqlite.SqliteDatabaseProvider: SQLITE connection pragma command set to: 
"PRAGMA locking_mode=NORMAL;
PRAGMA journal_size_limit=134217728;
PRAGMA synchronous=1;
PRAGMA temp_store=2;
"
[2025-11-01 12:18:42.645 +01:00] [INF] [7] Jellyfin.Database.Implementations.Locking.NoLockBehavior: The database locking mode has been set to: NoLock.
[2025-11-01 12:18:42.648 +01:00] [INF] [7] Main: Prepare system for possible migrations
[2025-11-01 12:18:42.674 +01:00] [INF] [7] Jellyfin.Server.Migrations.JellyfinMigrationService: There are 0 migrations for stage CoreInitialisation.
[2025-11-01 12:18:43.065 +01:00] [INF] [7] Emby.Server.Implementations.Plugins.PluginManager: Loaded plugin: "TMDb" "10.11.1.0"
[2025-11-01 12:18:43.065 +01:00] [INF] [7] Emby.Server.Implementations.Plugins.PluginManager: Loaded plugin: "Studio Images" "10.11.1.0"
[2025-11-01 12:18:43.065 +01:00] [INF] [7] Emby.Server.Implementations.Plugins.PluginManager: Loaded plugin: "OMDb" "10.11.1.0"
[2025-11-01 12:18:43.072 +01:00] [INF] [7] Emby.Server.Implementations.Plugins.PluginManager: Loaded plugin: "MusicBrainz" "10.11.1.0"
[2025-11-01 12:18:43.072 +01:00] [INF] [7] Emby.Server.Implementations.Plugins.PluginManager: Loaded plugin: "AudioDB" "10.11.1.0"
[2025-11-01 12:18:43.100 +01:00] [INF] [7] Jellyfin.Server.Migrations.JellyfinMigrationService: There are 0 migrations for stage AppInitialisation.
[2025-11-01 12:18:43.132 +01:00] [INF] [7] Main: Kestrel is listening on "0.0.0.0"
[2025-11-01 12:18:43.627 +01:00] [WRN] [7] Microsoft.AspNetCore.StaticFiles.StaticFileMiddleware: The WebRootPath was not found: "/run/s6-rc:s6-rc-init:aiObDn/servicedirs/svc-jellyfin/wwwroot". Static files may be unavailable.
[2025-11-01 12:18:43.643 +01:00] [INF] [7] Emby.Server.Implementations.ApplicationHost: Running startup tasks
[2025-11-01 12:18:43.653 +01:00] [INF] [7] Emby.Server.Implementations.ScheduledTasks.TaskManager: Daily trigger for "Generate Trickplay Images" set to fire at 2025-11-02 03:00:00.000 +01:00, which is 14:41:16.3463110 from now.
[2025-11-01 12:18:43.656 +01:00] [INF] [7] Emby.Server.Implementations.ScheduledTasks.TaskManager: Daily trigger for "Extract Chapter Images" set to fire at 2025-11-02 02:00:00.000 +01:00, which is 13:41:16.3432494 from now.
[2025-11-01 12:18:43.697 +01:00] [INF] [7] MediaBrowser.MediaEncoding.Encoder.MediaEncoder: Found ffmpeg version "7.1.2"
[2025-11-01 12:18:43.724 +01:00] [INF] [7] MediaBrowser.MediaEncoding.Encoder.MediaEncoder: Available "decoders": ["libdav1d", "av1", "av1_cuvid", "av1_qsv", "h264", "h264_qsv", "h264_cuvid", "hevc", "hevc_qsv", "hevc_cuvid", "mpeg2video", "mpeg2_qsv", "mpeg2_cuvid", "mpeg4", "mpeg4_cuvid", "msmpeg4", "vc1_qsv", "vc1_cuvid", "vp8", "libvpx", "vp8_cuvid", "vp8_qsv", "vp9", "libvpx-vp9", "vp9_cuvid", "vp9_qsv", "aac", "ac3", "ac4", "dca", "flac", "mp3", "truehd"]
[2025-11-01 12:18:43.739 +01:00] [INF] [7] MediaBrowser.MediaEncoding.Encoder.MediaEncoder: Available "encoders": ["libsvtav1", "av1_nvenc", "av1_qsv", "av1_amf", "av1_vaapi", "libx264", "h264_amf", "h264_nvenc", "h264_qsv", "h264_v4l2m2m", "h264_vaapi", "libx265", "hevc_amf", "hevc_nvenc", "hevc_qsv", "hevc_vaapi", "mjpeg_qsv", "mjpeg_vaapi", "aac", "libfdk_aac", "ac3", "alac", "dca", "flac", "libmp3lame", "libopus", "truehd", "libvorbis", "srt"]
[2025-11-01 12:18:43.755 +01:00] [INF] [7] MediaBrowser.MediaEncoding.Encoder.MediaEncoder: Available filters: ["bwdif_cuda", "bwdif_opencl", "deinterlace_qsv", "deinterlace_vaapi", "flip_vulkan", "hwupload_cuda", "hwupload_vaapi", "libplacebo", "overlay_opencl", "overlay_qsv", "overlay_vaapi", "overlay_vulkan", "overlay_cuda", "procamp_vaapi", "scale_cuda", "scale_opencl", "scale_qsv", "scale_vaapi", "scale_vulkan", "tonemapx", "tonemap_cuda", "tonemap_opencl", "tonemap_vaapi", "transpose_cuda", "transpose_opencl", "transpose_vaapi", "transpose_vulkan", "vpp_qsv", "yadif_cuda", "yadif_opencl", "zscale", "alphasrc"]
[2025-11-01 12:18:43.958 +01:00] [INF] [7] MediaBrowser.MediaEncoding.Encoder.MediaEncoder: Available hwaccel types: ["cuda", "vaapi", "qsv", "drm", "opencl", "vulkan"]
[2025-11-01 12:18:46.229 +01:00] [INF] [7] MediaBrowser.MediaEncoding.Encoder.MediaEncoder: FFmpeg: "/usr/lib/jellyfin-ffmpeg/ffmpeg"
[2025-11-01 12:18:46.230 +01:00] [INF] [7] Emby.Server.Implementations.ApplicationHost: ServerId: "1ed5ac7fc9c847288f63cefa22356b32"
[2025-11-01 12:18:46.230 +01:00] [INF] [7] Emby.Server.Implementations.ApplicationHost: Core startup complete
[2025-11-01 12:18:46.230 +01:00] [INF] [7] Main: Startup complete 0:00:04.7428203
[2025-11-01 12:18:46.664 +01:00] [INF] [9] Emby.Server.Implementations.ScheduledTasks.TaskManager: "Clean Transcode Directory" Completed after 0 minute(s) and 0 seconds
[2025-11-01 12:18:46.666 +01:00] [INF] [12] Emby.Server.Implementations.ScheduledTasks.TaskManager: "Clean up collections and playlists" Completed after 0 minute(s) and 0 seconds
[2025-11-01 12:18:47.314 +01:00] [INF] [19] Emby.Server.Implementations.ScheduledTasks.TaskManager: "Update Plugins" Completed after 0 minute(s) and 0 seconds
[2025-11-01 18:19:43.662 +01:00] [INF] [39] Emby.Server.Implementations.ScheduledTasks.Tasks.OptimizeDatabaseTask: Optimizing and vacuuming jellyfin.db...
[2025-11-01 18:19:43.812 +01:00] [INF] [39] Jellyfin.Database.Providers.Sqlite.SqliteDatabaseProvider: jellyfin.db optimized successfully!
[2025-11-01 18:19:43.812 +01:00] [INF] [39] Emby.Server.Implementations.ScheduledTasks.TaskManager: "Optimize database" Completed after 0 minute(s) and 0 seconds
[2025-11-01 18:57:29.843 +01:00] [INF] [85] Emby.Server.Implementations.Session.SessionManager: Sending shutdown notifications
[2025-11-01 18:57:29.860 +01:00] [INF] [83] Main: Running query planner optimizations in the database... This might take a while
[2025-11-01 18:57:29.884 +01:00] [INF] [83] Emby.Server.Implementations.ApplicationHost: Disposing "CoreAppHost"
[2025-11-01 18:57:29.884 +01:00] [INF] [83] Emby.Server.Implementations.ApplicationHost: Disposing "MusicBrainzArtistProvider"
[2025-11-01 18:57:29.884 +01:00] [INF] [83] Emby.Server.Implementations.ApplicationHost: Disposing "MusicBrainzAlbumProvider"
[2025-11-01 18:57:29.884 +01:00] [INF] [83] Emby.Server.Implementations.ApplicationHost: Disposing "PluginManager"
