2025-11-02 09:10:28,744 DEBUG: Read config[LOGDIR]=/config/log [configtypes.py:151 (MAIN)]
2025-11-02 09:10:28,744 DEBUG: Read config[LOGSPECIALDEBUG]= [configtypes.py:151 (MAIN)]
2025-11-02 09:10:28,783 INFO: Apprise library (1.9.5) installed [startup.py:230 (MAIN)]
2025-11-02 09:10:30,485 INFO: Database is v0, integrity check: ok [startup.py:280 (MAIN)]
2025-11-02 09:10:30,488 INFO: Creating new database, version 89 [dbupgrade.py:203 (MAIN)]
2025-11-02 09:10:31,212 INFO: Config file /config/config.ini has been saved with 5 items [config2.py:375 (CONFIG2_WRITE)]
2025-11-02 09:10:31,272 ERROR: Config[HC_KEY]: read_error [configtypes.py:892 (MAIN)]
2025-11-02 09:10:31,275 INFO: Added 0 new authors from book files [multiauth.py:121 (MULTIAUTH_BOOKFILES)]
2025-11-02 09:10:31,277 INFO: Database check found 0 errors [dbupgrade.py:820 (MAIN)]
2025-11-02 09:10:31,280 INFO: Database updated to version 89 [dbupgrade.py:319 (MAIN)]
2025-11-02 09:10:33,262 INFO: Loaded genres from /app/lazylibrarian/example.genres.json [startup.py:447 (MAIN)]
2025-11-02 09:10:33,365 INFO: Bookstrap found 16 themes [startup.py:398 (MAIN)]
2025-11-02 09:10:35,708 INFO: Starting LazyLibrarian on port: 5299, webroot "" [LazyLibrarian.py:74 (MAIN)]
2025-11-02 09:10:35,709 INFO: Starting LazyLibrarian web server on http://0.0.0.0:5299 [webStart.py:78 (MAIN)]
2025-11-02 09:10:35,813 INFO: Scheduler started [base.py:214 (MAIN)]
2025-11-02 09:10:35,817 INFO: Added job "PostProcessor" to job store "default" [base.py:1090 (MAIN)]
2025-11-02 09:10:35,819 INFO: Added job "cron_search_wishlist" to job store "default" [base.py:1090 (MAIN)]
2025-11-02 09:10:35,821 INFO: Added job "check_for_updates" to job store "default" [base.py:1090 (MAIN)]
2025-11-02 09:10:35,823 INFO: Added job "clean_cache" to job store "default" [base.py:1090 (MAIN)]
2025-11-02 09:10:35,824 INFO: Added job "cron_dbbackup" to job store "default" [base.py:1090 (MAIN)]
2025-11-02 09:10:35,827 INFO: Added job "author_update" to job store "default" [base.py:1090 (MAIN)]
2025-11-02 09:10:35,829 INFO: Added job "series_update" to job store "default" [base.py:1090 (MAIN)]
2025-11-02 09:11:35,000 INFO: Running job "PostProcessor (trigger: interval[0:10:00], next run at: 2025-11-02 09:21:35 CET)" (scheduled at 2025-11-02 09:11:35+01:00) [base.py:129 (ThreadPoolExecutor-0_0)]
2025-11-02 09:11:35,001 INFO: Running job "author_update (trigger: interval[24 days, 0:00:00], next run at: 2025-11-26 09:11:35 CET)" (scheduled at 2025-11-02 09:11:35+01:00) [base.py:129 (ThreadPoolExecutor-0_1)]
2025-11-02 09:11:35,003 INFO: Running job "cron_dbbackup (trigger: interval[30 days, 0:00:00], next run at: 2025-12-02 09:11:35 CET)" (scheduled at 2025-11-02 09:11:35+01:00) [base.py:129 (ThreadPoolExecutor-0_2)]
2025-11-02 09:11:35,004 INFO: Running job "clean_cache (trigger: interval[30 days, 0:00:00], next run at: 2025-12-02 09:11:35 CET)" (scheduled at 2025-11-02 09:11:35+01:00) [base.py:129 (ThreadPoolExecutor-0_3)]
2025-11-02 09:11:35,005 INFO: Running job "cron_search_wishlist (trigger: interval[2:00:00], next run at: 2025-11-02 11:11:35 CET)" (scheduled at 2025-11-02 09:11:35+01:00) [base.py:129 (ThreadPoolExecutor-0_4)]
2025-11-02 09:11:35,006 INFO: Running job "series_update (trigger: interval[24 days, 0:00:00], next run at: 2025-11-26 09:11:35 CET)" (scheduled at 2025-11-02 09:11:35+01:00) [base.py:129 (ThreadPoolExecutor-0_5)]
2025-11-02 09:11:35,452 INFO: Removed job search_wishlist [base.py:728 (SEARCHWISHLIST)]
2025-11-02 09:11:35,461 INFO: Job "cron_search_wishlist (trigger: interval[2:00:00], next run at: 2025-11-02 11:11:35 CET)" executed successfully [base.py:156 (WEBSERVER)]
2025-11-02 09:11:35,487 INFO: Job "author_update (trigger: interval[24 days, 0:00:00], next run at: 2025-11-26 09:11:35 CET)" executed successfully [base.py:156 (ThreadPoolExecutor-0_1)]
2025-11-02 09:11:37,135 INFO: Job "series_update (trigger: interval[24 days, 0:00:00], next run at: 2025-11-26 09:11:35 CET)" executed successfully [base.py:156 (ThreadPoolExecutor-0_5)]
2025-11-02 09:11:37,141 INFO: Job "clean_cache (trigger: interval[30 days, 0:00:00], next run at: 2025-12-02 09:11:35 CET)" executed successfully [base.py:156 (ThreadPoolExecutor-0_3)]
2025-11-02 09:11:37,145 INFO: Job "cron_dbbackup (trigger: interval[30 days, 0:00:00], next run at: 2025-12-02 09:11:35 CET)" executed successfully [base.py:156 (ThreadPoolExecutor-0_2)]
2025-11-02 09:11:37,146 INFO: 0 downloads processed. [postprocess.py:1592 (POSTPROCESS)]
2025-11-02 09:11:37,147 INFO: Found 0 unprocessed [postprocess.py:1597 (POSTPROCESS)]
2025-11-02 09:11:37,149 INFO: Nothing marked as snatched or seeding. Stopping postprocessor. [postprocess.py:1724 (POSTPROCESS)]
2025-11-02 09:11:37,149 INFO: Removed job PostProcessor [base.py:728 (POSTPROCESS)]
2025-11-02 09:11:37,660 INFO: Job "PostProcessor (trigger: interval[0:10:00], next run at: 2025-11-02 09:21:35 CET)" executed successfully [base.py:156 (ThreadPoolExecutor-0_0)]
2025-11-03 09:10:37,834 WARNING: Run time of job "check_for_updates (trigger: interval[1 day, 0:00:00], next run at: 2025-11-04 09:10:34 CET)" was missed by 0:00:03.006115 [base.py:126 (WEBSERVER)]
2025-11-04 09:10:34,265 INFO: Running job "check_for_updates (trigger: interval[1 day, 0:00:00], next run at: 2025-11-05 09:10:34 CET)" (scheduled at 2025-11-04 09:10:34+01:00) [base.py:129 (ThreadPoolExecutor-0_5)]
2025-11-04 09:11:00,578 INFO: New version is available. You are one commit behind [versioncheck.py:442 (CRON-VERSIONCHECK)]
2025-11-04 09:11:00,809 INFO: Job "check_for_updates (trigger: interval[1 day, 0:00:00], next run at: 2025-11-05 09:10:34 CET)" executed successfully [base.py:156 (CRON-VERSIONCHECK)]
2025-11-05 09:10:37,866 WARNING: Run time of job "check_for_updates (trigger: interval[1 day, 0:00:00], next run at: 2025-11-06 09:10:34 CET)" was missed by 0:00:03.216957 [base.py:126 (ThreadPoolExecutor-0_2)]
2025-11-06 09:10:38,689 WARNING: Run time of job "check_for_updates (trigger: interval[1 day, 0:00:00], next run at: 2025-11-07 09:10:34 CET)" was missed by 0:00:03.920499 [base.py:126 (ThreadPoolExecutor-0_1)]
2025-11-07 09:10:38,111 WARNING: Run time of job "check_for_updates (trigger: interval[1 day, 0:00:00], next run at: 2025-11-08 09:10:34 CET)" was missed by 0:00:03.546684 [base.py:126 (ThreadPoolExecutor-0_3)]
