(N) 2025-11-07T22:25:00 - Torrent download finished. Torrent: "Suits.S02.1080p.BluRay.x265-RARBG"
(N) 2025-11-07T23:48:04 - Added new torrent. Torrent: "Suits.S03.1080p.BluRay.x265-RARBG"
(N) 2025-11-07T23:48:24 - Added new torrent. Torrent: "Suits.S04.1080p.BluRay.x265-RARBG"
(N) 2025-11-07T23:48:44 - Added new torrent. Torrent: "Suits.S05.1080p.BluRay.x265-RARBG"
(N) 2025-11-07T23:49:04 - Added new torrent. Torrent: "Suits.S06.1080p.BluRay.x265-RARBG"
(N) 2025-11-07T23:49:26 - Added new torrent. Torrent: "Suits.S07.1080p.BluRay.x265-RARBG"
(N) 2025-11-07T23:49:54 - Added new torrent. Torrent: "Suits.S08.1080p.BluRay.x265-RARBG"
(N) 2025-11-07T23:50:17 - Added new torrent. Torrent: "Suits.S09.1080p.BluRay.x265-RARBG"
(N) 2025-11-08T00:17:23 - Enqueued torrent move. Torrent: "Suits.S05.1080p.BluRay.x265-RARBG". Source: "/downloads/qbittorrent/incomplete". Destination: "/downloads/qbittorrent/completed"
(N) 2025-11-08T00:17:27 - Start moving torrent. Torrent: "Suits.S05.1080p.BluRay.x265-RARBG". Destination: "/downloads/qbittorrent/completed"
(N) 2025-11-08T00:17:47 - Moved torrent successfully. Torrent: "Suits.S05.1080p.BluRay.x265-RARBG". Destination: "/downloads/qbittorrent/completed"
(N) 2025-11-08T00:17:47 - Torrent download finished. Torrent: "Suits.S05.1080p.BluRay.x265-RARBG"
(N) 2025-11-08T00:36:57 - Enqueued torrent move. Torrent: "Suits.S04.1080p.BluRay.x265-RARBG". Source: "/downloads/qbittorrent/incomplete". Destination: "/downloads/qbittorrent/completed"
(N) 2025-11-08T00:37:01 - Start moving torrent. Torrent: "Suits.S04.1080p.BluRay.x265-RARBG". Destination: "/downloads/qbittorrent/completed"
(N) 2025-11-08T00:37:17 - Moved torrent successfully. Torrent: "Suits.S04.1080p.BluRay.x265-RARBG". Destination: "/downloads/qbittorrent/completed"
(N) 2025-11-08T00:37:18 - Torrent download finished. Torrent: "Suits.S04.1080p.BluRay.x265-RARBG"
(N) 2025-11-08T00:43:07 - Enqueued torrent move. Torrent: "Suits.S03.1080p.BluRay.x265-RARBG". Source: "/downloads/qbittorrent/incomplete". Destination: "/downloads/qbittorrent/completed"
(N) 2025-11-08T00:43:08 - Start moving torrent. Torrent: "Suits.S03.1080p.BluRay.x265-RARBG". Destination: "/downloads/qbittorrent/completed"
(N) 2025-11-08T00:43:30 - Moved torrent successfully. Torrent: "Suits.S03.1080p.BluRay.x265-RARBG". Destination: "/downloads/qbittorrent/completed"
(N) 2025-11-08T00:43:30 - Torrent download finished. Torrent: "Suits.S03.1080p.BluRay.x265-RARBG"
(N) 2025-11-08T00:54:23 - Enqueued torrent move. Torrent: "Suits.S08.1080p.BluRay.x265-RARBG". Source: "/downloads/qbittorrent/incomplete". Destination: "/downloads/qbittorrent/completed"
(N) 2025-11-08T00:54:26 - Start moving torrent. Torrent: "Suits.S08.1080p.BluRay.x265-RARBG". Destination: "/downloads/qbittorrent/completed"
(N) 2025-11-08T00:54:29 - Moved torrent successfully. Torrent: "Suits.S08.1080p.BluRay.x265-RARBG". Destination: "/downloads/qbittorrent/completed"
(N) 2025-11-08T00:54:29 - Torrent download finished. Torrent: "Suits.S08.1080p.BluRay.x265-RARBG"
(N) 2025-11-08T00:54:59 - Enqueued torrent move. Torrent: "Suits.S06.1080p.BluRay.x265-RARBG". Source: "/downloads/qbittorrent/incomplete". Destination: "/downloads/qbittorrent/completed"
(N) 2025-11-08T00:54:59 - Start moving torrent. Torrent: "Suits.S06.1080p.BluRay.x265-RARBG". Destination: "/downloads/qbittorrent/completed"
(N) 2025-11-08T00:55:00 - Moved torrent successfully. Torrent: "Suits.S06.1080p.BluRay.x265-RARBG". Destination: "/downloads/qbittorrent/completed"
(N) 2025-11-08T00:55:00 - Torrent download finished. Torrent: "Suits.S06.1080p.BluRay.x265-RARBG"
(N) 2025-11-08T01:02:36 - Enqueued torrent move. Torrent: "Suits.S07.1080p.BluRay.x265-RARBG". Source: "/downloads/qbittorrent/incomplete". Destination: "/downloads/qbittorrent/completed"
(N) 2025-11-08T01:02:37 - Start moving torrent. Torrent: "Suits.S07.1080p.BluRay.x265-RARBG". Destination: "/downloads/qbittorrent/completed"
(N) 2025-11-08T01:02:40 - Moved torrent successfully. Torrent: "Suits.S07.1080p.BluRay.x265-RARBG". Destination: "/downloads/qbittorrent/completed"
(N) 2025-11-08T01:02:40 - Torrent download finished. Torrent: "Suits.S07.1080p.BluRay.x265-RARBG"
(N) 2025-11-08T01:09:29 - Enqueued torrent move. Torrent: "Suits.S09.1080p.BluRay.x265-RARBG". Source: "/downloads/qbittorrent/incomplete". Destination: "/downloads/qbittorrent/completed"
(N) 2025-11-08T01:09:29 - Start moving torrent. Torrent: "Suits.S09.1080p.BluRay.x265-RARBG". Destination: "/downloads/qbittorrent/completed"
(N) 2025-11-08T01:09:30 - Moved torrent successfully. Torrent: "Suits.S09.1080p.BluRay.x265-RARBG". Destination: "/downloads/qbittorrent/completed"
(N) 2025-11-08T01:09:30 - Torrent download finished. Torrent: "Suits.S09.1080p.BluRay.x265-RARBG"
(N) 2025-11-08T20:03:51 - WebAPI login success. IP: ::ffff:172.27.7.10
(N) 2025-11-08T20:13:54 - qBittorrent termination initiated
(N) 2025-11-08T20:16:36 - qBittorrent v5.1.2 started. Process ID: 147
(N) 2025-11-08T20:16:36 - Using config directory: /config/qBittorrent
(N) 2025-11-08T20:16:37 - Trying to listen on the following list of IP addresses: "0.0.0.0:2700,[::]:2700"
(I) 2025-11-08T20:16:37 - Peer ID: "-qB5120-"
(I) 2025-11-08T20:16:37 - HTTP User-Agent: "qBittorrent/5.1.2"
(I) 2025-11-08T20:16:37 - Distributed Hash Table (DHT) support: ON
(I) 2025-11-08T20:16:37 - Local Peer Discovery support: ON
(I) 2025-11-08T20:16:37 - Peer Exchange (PeX) support: ON
(I) 2025-11-08T20:16:37 - Anonymous mode: OFF
(I) 2025-11-08T20:16:37 - Encryption support: ON
(I) 2025-11-08T20:16:38 - Successfully listening on IP. IP: "127.0.0.1". Port: "TCP/2700"
(I) 2025-11-08T20:16:38 - Successfully listening on IP. IP: "127.0.0.1". Port: "UTP/2700"
(I) 2025-11-08T20:16:38 - Successfully listening on IP. IP: "172.27.7.2". Port: "TCP/2700"
(I) 2025-11-08T20:16:38 - Successfully listening on IP. IP: "172.27.7.2". Port: "UTP/2700"
(I) 2025-11-08T20:16:38 - Successfully listening on IP. IP: "::1". Port: "TCP/2700"
(I) 2025-11-08T20:16:38 - Successfully listening on IP. IP: "::1". Port: "UTP/2700"
(I) 2025-11-08T20:16:38 - Detected external IP. IP: "193.77.222.108"
(N) 2025-11-08T20:16:39 - Restored torrent. Torrent: "Suits.S03.1080p.BluRay.x265-RARBG"
(N) 2025-11-08T20:16:39 - Restored torrent. Torrent: "Suits.S04.1080p.BluRay.x265-RARBG"
(N) 2025-11-08T20:16:39 - Restored torrent. Torrent: "Suits.S05.1080p.BluRay.x265-RARBG"
(N) 2025-11-08T20:16:39 - Restored torrent. Torrent: "Suits.S06.1080p.BluRay.x265-RARBG"
(N) 2025-11-08T20:16:39 - Restored torrent. Torrent: "Suits.S07.1080p.BluRay.x265-RARBG"
(N) 2025-11-08T20:16:40 - Restored torrent. Torrent: "Suits.S08.1080p.BluRay.x265-RARBG"
(N) 2025-11-08T20:16:40 - Restored torrent. Torrent: "Suits.S09.1080p.BluRay.x265-RARBG"
(N) 2025-11-08T20:16:40 - Restored torrent. Torrent: "Suits.S02.1080p.BluRay.x265-RARBG"
(I) 2025-11-08T20:16:41 - IP geolocation database loaded. Type: DBIP-Country-Lite. Build time: Sat Nov 1 03:28:18 2025.
(N) 2025-11-08T20:16:42 - Using built-in WebUI.
(N) 2025-11-08T20:16:42 - WebUI translation for selected locale (en) has been successfully loaded.
(N) 2025-11-08T20:16:42 - WebUI: Now listening on IP: *, port: 2701
(N) 2025-11-08T20:18:25 - WebAPI login success. IP: ::ffff:172.27.7.5
(N) 2025-11-08T20:18:25 - WebAPI login success. IP: ::ffff:172.27.7.6
(N) 2025-11-08T20:18:27 - WebAPI login success. IP: ::ffff:172.27.7.7
(N) 2025-11-08T20:23:22 - WebAPI login success. IP: ::ffff:172.27.7.10
(N) 2025-11-08T23:18:37 - Torrent stopped. Torrent: "Suits.S02.1080p.BluRay.x265-RARBG"
(N) 2025-11-08T23:18:38 - Torrent reached the seeding time limit. Torrent stopped. Torrent: "Suits.S02.1080p.BluRay.x265-RARBG".
(N) 2025-11-08T23:19:11 - Torrent removed. Torrent: "Suits.S02.1080p.BluRay.x265-RARBG"
(N) 2025-11-08T23:19:12 - Torrent content removed. Torrent: "Suits.S02.1080p.BluRay.x265-RARBG"
(N) 2025-11-09T01:10:57 - Torrent stopped. Torrent: "Suits.S05.1080p.BluRay.x265-RARBG"
(N) 2025-11-09T01:10:58 - Torrent reached the seeding time limit. Torrent stopped. Torrent: "Suits.S05.1080p.BluRay.x265-RARBG".
(N) 2025-11-09T01:11:57 - Torrent removed. Torrent: "Suits.S05.1080p.BluRay.x265-RARBG"
(N) 2025-11-09T01:11:59 - Torrent content removed. Torrent: "Suits.S05.1080p.BluRay.x265-RARBG"
(N) 2025-11-09T01:30:28 - Torrent stopped. Torrent: "Suits.S04.1080p.BluRay.x265-RARBG"
(N) 2025-11-09T01:30:28 - Torrent reached the seeding time limit. Torrent stopped. Torrent: "Suits.S04.1080p.BluRay.x265-RARBG".
(N) 2025-11-09T01:31:29 - Torrent removed. Torrent: "Suits.S04.1080p.BluRay.x265-RARBG"
(N) 2025-11-09T01:31:31 - Torrent content removed. Torrent: "Suits.S04.1080p.BluRay.x265-RARBG"
(N) 2025-11-09T01:36:37 - Torrent stopped. Torrent: "Suits.S03.1080p.BluRay.x265-RARBG"
(N) 2025-11-09T01:36:37 - Torrent reached the seeding time limit. Torrent stopped. Torrent: "Suits.S03.1080p.BluRay.x265-RARBG".
(N) 2025-11-09T01:37:00 - Torrent removed. Torrent: "Suits.S03.1080p.BluRay.x265-RARBG"
(N) 2025-11-09T01:37:01 - Torrent content removed. Torrent: "Suits.S03.1080p.BluRay.x265-RARBG"
(N) 2025-11-09T01:47:57 - Torrent stopped. Torrent: "Suits.S08.1080p.BluRay.x265-RARBG"
(N) 2025-11-09T01:47:57 - Torrent reached the seeding time limit. Torrent stopped. Torrent: "Suits.S08.1080p.BluRay.x265-RARBG".
(N) 2025-11-09T01:48:38 - Torrent stopped. Torrent: "Suits.S06.1080p.BluRay.x265-RARBG"
(N) 2025-11-09T01:48:38 - Torrent reached the seeding time limit. Torrent stopped. Torrent: "Suits.S06.1080p.BluRay.x265-RARBG".
(N) 2025-11-09T01:49:01 - Torrent removed. Torrent: "Suits.S06.1080p.BluRay.x265-RARBG"
(N) 2025-11-09T01:49:01 - Torrent removed. Torrent: "Suits.S08.1080p.BluRay.x265-RARBG"
(N) 2025-11-09T01:49:02 - Torrent content removed. Torrent: "Suits.S06.1080p.BluRay.x265-RARBG"
(N) 2025-11-09T01:49:03 - Torrent content removed. Torrent: "Suits.S08.1080p.BluRay.x265-RARBG"
(N) 2025-11-09T01:56:07 - Torrent stopped. Torrent: "Suits.S07.1080p.BluRay.x265-RARBG"
(N) 2025-11-09T01:56:07 - Torrent reached the seeding time limit. Torrent stopped. Torrent: "Suits.S07.1080p.BluRay.x265-RARBG".
(N) 2025-11-09T01:56:32 - Torrent removed. Torrent: "Suits.S07.1080p.BluRay.x265-RARBG"
(N) 2025-11-09T01:56:33 - Torrent content removed. Torrent: "Suits.S07.1080p.BluRay.x265-RARBG"
(N) 2025-11-09T02:03:07 - Torrent stopped. Torrent: "Suits.S09.1080p.BluRay.x265-RARBG"
(N) 2025-11-09T02:03:07 - Torrent reached the seeding time limit. Torrent stopped. Torrent: "Suits.S09.1080p.BluRay.x265-RARBG".
(N) 2025-11-09T02:04:03 - Torrent removed. Torrent: "Suits.S09.1080p.BluRay.x265-RARBG"
(N) 2025-11-09T02:04:04 - Torrent content removed. Torrent: "Suits.S09.1080p.BluRay.x265-RARBG"
