2025-11-02T01:57:46.803Z [info]: Commit Tag: $GIT_SHA 
2025-11-02T01:57:47.545Z [info]: Starting Jellyseerr version 2.7.3 
2025-11-02T01:57:51.181Z [info][Notifications]: Registered notification agents 
2025-11-02T01:57:51.190Z [info][Server]: Skipping starting the scheduled jobs as we have no Plex/Jellyfin/Emby servers setup yet 
2025-11-02T01:57:51.197Z [info][Discover Slider]: Creating built-in discovery slider {"slider":{"type":1,"enabled":true,"isBuiltIn":true,"order":0}}
2025-11-02T01:57:51.345Z [info][Discover Slider]: Creating built-in discovery slider {"slider":{"type":2,"enabled":true,"isBuiltIn":true,"order":1}}
2025-11-02T01:57:51.688Z [info][Discover Slider]: Creating built-in discovery slider {"slider":{"type":3,"enabled":true,"isBuiltIn":true,"order":2}}
2025-11-02T01:57:51.824Z [info][Discover Slider]: Creating built-in discovery slider {"slider":{"type":4,"enabled":true,"isBuiltIn":true,"order":3}}
2025-11-02T01:57:52.063Z [info][Discover Slider]: Creating built-in discovery slider {"slider":{"type":5,"enabled":true,"isBuiltIn":true,"order":4}}
2025-11-02T01:57:52.299Z [info][Discover Slider]: Creating built-in discovery slider {"slider":{"type":6,"enabled":true,"isBuiltIn":true,"order":5}}
2025-11-02T01:57:52.669Z [info][Discover Slider]: Creating built-in discovery slider {"slider":{"type":7,"enabled":true,"isBuiltIn":true,"order":6}}
2025-11-02T01:57:53.134Z [info][Discover Slider]: Creating built-in discovery slider {"slider":{"type":8,"enabled":true,"isBuiltIn":true,"order":7}}
2025-11-02T01:57:53.424Z [info][Discover Slider]: Creating built-in discovery slider {"slider":{"type":9,"enabled":true,"isBuiltIn":true,"order":8}}
2025-11-02T01:57:53.846Z [info][Discover Slider]: Creating built-in discovery slider {"slider":{"type":10,"enabled":true,"isBuiltIn":true,"order":9}}
2025-11-02T01:57:54.123Z [info][Discover Slider]: Creating built-in discovery slider {"slider":{"type":11,"enabled":true,"isBuiltIn":true,"order":10}}
2025-11-02T01:57:54.464Z [info][Discover Slider]: Creating built-in discovery slider {"slider":{"type":12,"enabled":true,"isBuiltIn":true,"order":11}}
2025-11-02T01:57:54.964Z [info][Server]: Server ready on port 5055 
2025-11-02T01:58:43.579Z [info][API]: Sign-in attempt from Jellyfin user with access to the media server; creating initial admin user for Jellyseerr {"ip":"::ffff:10.0.0.99","jellyfinUsername":"jacko"}
2025-11-02T01:58:43.846Z [info][Jobs]: Scheduled jobs loaded 
2025-11-02T01:59:00.009Z [debug][Jobs]: Starting scheduled job: Download Sync 
2025-11-02T02:00:00.003Z [debug][Jobs]: Starting scheduled job: Download Sync 
2025-11-02T02:00:00.012Z [info][Jobs]: Starting scheduled job: Jellyfin Full Scan 
2025-11-02T02:00:00.013Z [info][Jellyfin Sync]: Jellyfin Sync Starting {"sessionId":"bc932346-b814-490b-850d-ea689f17724b"}
2025-11-02T02:00:00.018Z [info][Jobs]: Starting scheduled job: Jellyfin Recently Added Scan 
2025-11-02T02:00:00.019Z [info][Jellyfin Sync]: Jellyfin Sync Starting {"sessionId":"8c9e4902-34a8-4be7-a718-a05b0c77c586"}
2025-11-02T02:00:00.105Z [info][Jellyfin Sync]: Beginning to process library: Movies 
2025-11-02T02:00:00.108Z [info][Jellyfin Sync]: Beginning to process recently added for library: Movies 
2025-11-02T02:00:00.298Z [info][Jellyfin Sync]: Beginning to process recently added for library: Shows 
2025-11-02T02:00:00.368Z [info][Jellyfin Sync]: Beginning to process library: Shows 
2025-11-02T02:00:00.380Z [info][Jellyfin Sync]: Recently Added Scan Complete 
2025-11-02T02:00:00.484Z [info][Jellyfin Sync]: Full Scan Complete 
2025-11-02T02:01:00.008Z [debug][Jobs]: Starting scheduled job: Download Sync 
2025-11-02T02:02:00.005Z [debug][Jobs]: Starting scheduled job: Download Sync 
2025-11-02T02:03:00.010Z [debug][Jobs]: Starting scheduled job: Download Sync 
2025-11-02T02:03:17.610Z [error][Sonarr]: [Sonarr] Failed to retrieve system status: connect ECONNREFUSED 172.27.7.5:8989 
2025-11-02T02:04:00.010Z [debug][Jobs]: Starting scheduled job: Download Sync 
2025-11-02T02:04:28.039Z [debug][Image Cache]: Something went wrong caching image. {"errorMessage":"Request failed with status code 404"}
2025-11-02T02:04:51.787Z [info][Notifications]: Sending notification(s) for MEDIA_AUTO_APPROVED {"subject":"The Wire (2002)"}
2025-11-02T02:04:51.799Z [info][Media Request]: Sent request to Sonarr {"requestId":1,"mediaId":1}
2025-11-02T02:05:00.008Z [debug][Jobs]: Starting scheduled job: Download Sync 
2025-11-02T02:05:00.013Z [info][Jobs]: Starting scheduled job: Jellyfin Recently Added Scan 
2025-11-02T02:05:00.013Z [info][Jellyfin Sync]: Jellyfin Sync Starting {"sessionId":"a41e7ee4-3e16-4b5d-baef-02de0f33dd23"}
2025-11-02T02:05:00.018Z [info][Jellyfin Sync]: Beginning to process recently added for library: Movies 
2025-11-02T02:05:00.201Z [info][Jellyfin Sync]: Beginning to process recently added for library: Shows 
2025-11-02T02:05:00.322Z [info][Jellyfin Sync]: Recently Added Scan Complete 
2025-11-02T02:05:02.033Z [info][Sonarr]: Sonarr accepted request 
2025-11-02T02:05:02.033Z [debug][Sonarr]: Sonarr add details {"series":{"title":"The Wire","alternateTitles":[],"sortTitle":"wire","status":"ended","ended":true,"overview":"Follows one single drug and homicide investigation throughout the length of an entire season. Centered on the drug culture of inner-city Baltimore, the series' storyline unfolds from the points of view of both the criminals lording the streets and the police officers determined to bring them down.","previousAiring":"2008-03-10T01:00:00Z","network":"HBO","airTime":"21:00","images":[{"coverType":"banner","url":"/MediaCover/1/banner.jpg?lastWrite=638976458938252622","remoteUrl":"https://artworks.thetvdb.com/banners/graphical/79126-g19.jpg"},{"coverType":"poster","url":"/MediaCover/1/poster.jpg?lastWrite=638976458938662620","remoteUrl":"https://artworks.thetvdb.com/banners/posters/79126-2.jpg"},{"coverType":"fanart","url":"/MediaCover/1/fanart.jpg?lastWrite=638976458938922618","remoteUrl":"https://artworks.thetvdb.com/banners/fanart/original/79126-3.jpg"},{"coverType":"clearlogo","url":"/MediaCover/1/clearlogo.png?lastWrite=638976458939322616","remoteUrl":"https://artworks.thetvdb.com/banners/v4/series/79126/clearlogo/611b5ed5876c1.png"}],"originalLanguage":{"id":1,"name":"English"},"seasons":[{"seasonNumber":0,"monitored":false,"statistics":{"episodeFileCount":0,"episodeCount":0,"totalEpisodeCount":26,"sizeOnDisk":0,"releaseGroups":[],"percentOfEpisodes":0}},{"seasonNumber":1,"monitored":true,"statistics":{"previousAiring":"2002-09-09T01:00:00Z","episodeFileCount":0,"episodeCount":13,"totalEpisodeCount":13,"sizeOnDisk":0,"releaseGroups":[],"percentOfEpisodes":0}},{"seasonNumber":2,"monitored":true,"statistics":{"previousAiring":"2003-08-25T01:00:00Z","episodeFileCount":0,"episodeCount":12,"totalEpisodeCount":12,"sizeOnDisk":0,"releaseGroups":[],"percentOfEpisodes":0}},{"seasonNumber":3,"monitored":true,"statistics":{"previousAiring":"2004-12-20T02:00:00Z","episodeFileCount":0,"episodeCount":12,"totalEpisodeCount":12,"sizeOnDisk":0,"releaseGroups":[],"percentOfEpisodes":0}},{"seasonNumber":4,"monitored":true,"statistics":{"previousAiring":"2006-12-11T02:00:00Z","episodeFileCount":0,"episodeCount":13,"totalEpisodeCount":13,"sizeOnDisk":0,"releaseGroups":[],"percentOfEpisodes":0}},{"seasonNumber":5,"monitored":true,"statistics":{"previousAiring":"2008-03-10T01:00:00Z","episodeFileCount":0,"episodeCount":10,"totalEpisodeCount":10,"sizeOnDisk":0,"releaseGroups":[],"percentOfEpisodes":0}}],"year":2002,"path":"/data/shows/The Wire","qualityProfileId":6,"seasonFolder":true,"monitored":true,"monitorNewItems":"all","useSceneNumbering":false,"runtime":60,"tvdbId":79126,"tvRageId":6296,"tvMazeId":179,"tmdbId":1438,"firstAired":"2002-06-02T00:00:00Z","lastAired":"2008-03-09T00:00:00Z","seriesType":"standard","cleanTitle":"thewire","imdbId":"tt0306414","titleSlug":"the-wire","rootFolderPath":"/data/shows","certification":"TV-MA","genres":["Crime","Drama","Thriller"],"tags":[],"added":"2025-11-02T02:04:52Z","addOptions":{"searchForMissingEpisodes":true,"searchForCutoffUnmetEpisodes":false,"ignoreEpisodesWithFiles":true,"ignoreEpisodesWithoutFiles":false,"monitor":"unknown"},"ratings":{"votes":415509,"value":9.3},"statistics":{"seasonCount":5,"episodeFileCount":0,"episodeCount":60,"totalEpisodeCount":86,"sizeOnDisk":0,"releaseGroups":[],"percentOfEpisodes":0},"languageProfileId":1,"id":1}}
2025-11-02T02:05:30.474Z [info][Notifications]: Sending notification(s) for MEDIA_AUTO_APPROVED {"subject":"Tenet (2020)"}
2025-11-02T02:05:30.489Z [info][Media Request]: Sent request to Radarr {"requestId":2,"mediaId":2}
2025-11-02T02:05:31.872Z [info][Radarr]: Radarr accepted request 
2025-11-02T02:05:31.872Z [debug][Radarr]: Radarr add details {"movie":{"title":"Tenet","originalTitle":"Tenet","originalLanguage":{"id":1,"name":"English"},"alternateTitles":[],"secondaryYearSourceId":0,"sortTitle":"tenet","sizeOnDisk":0,"status":"released","overview":"Armed with only one word - Tenet - and fighting for the survival of the entire world, the Protagonist journeys through a twilight world of international espionage on a mission that will unfold in something beyond real time.","inCinemas":"2020-08-26T00:00:00Z","physicalRelease":"2020-12-14T00:00:00Z","digitalRelease":"2020-12-08T00:00:00Z","releaseDate":"2020-12-08T00:00:00Z","images":[{"coverType":"poster","url":"/MediaCover/1/poster.jpg","remoteUrl":"https://image.tmdb.org/t/p/original/aCIFMriQh8rvhxpN1IWGgvH0Tlg.jpg"},{"coverType":"fanart","url":"/MediaCover/1/fanart.jpg","remoteUrl":"https://image.tmdb.org/t/p/original/yY76zq9XSuJ4nWyPDuwkdV7Wt0c.jpg"}],"website":"https://www.tenetfilm.com/","year":2020,"youTubeTrailerId":"KJP5RunZUKk","studio":"Warner Bros. Pictures","path":"/data/movies/Tenet (2020)","qualityProfileId":6,"hasFile":false,"movieFileId":0,"monitored":true,"minimumAvailability":"released","isAvailable":true,"folderName":"/data/movies/Tenet (2020)","runtime":150,"cleanTitle":"tenet","imdbId":"tt6723592","tmdbId":577922,"titleSlug":"577922","rootFolderPath":"/data/movies","certification":"PG-13","genres":["Action","Thriller","Science Fiction"],"keywords":["alternate timeline","arms dealer","assassin","backwards","espionage","intense","kyiv (kiev), ukraine","mumbai (bombay), india","nuclear weapons","oslo, norway","spy","terrorism","terrorist attack","terrorist plot","time paradox","time travel"],"tags":[],"added":"2025-11-02T02:05:31Z","addOptions":{"searchForMovie":true,"addMethod":"manual","ignoreEpisodesWithFiles":false,"ignoreEpisodesWithoutFiles":false,"monitor":"movieOnly"},"ratings":{"imdb":{"votes":646354,"value":7.3,"type":"user"},"tmdb":{"votes":10566,"value":7.174,"type":"user"},"metacritic":{"votes":0,"value":69,"type":"user"},"rottenTomatoes":{"votes":0,"value":70,"type":"user"},"trakt":{"votes":30264,"value":7.27349,"type":"user"}},"popularity":12.1692,"statistics":{"movieFileCount":0,"sizeOnDisk":0,"releaseGroups":[]},"id":1}}
2025-11-02T02:06:00.016Z [debug][Jobs]: Starting scheduled job: Download Sync 
2025-11-02T02:07:00.007Z [debug][Jobs]: Starting scheduled job: Download Sync 
